2020/05/06 00:42:33 请求没有cookie，转到登录页，错误：http: named cookie not present
2020/05/06 00:44:55 请求没有cookie，转到登录页，错误：http: named cookie not present
2020/05/06 00:47:30 请求没有cookie，转到登录页，错误：http: named cookie not present
2020/05/06 00:49:05 请求没有cookie，转到登录页，错误：<nil>
2020/05/06 00:49:28 请求没有cookie，转到登录页，错误：<nil>
2020/05/06 00:50:14 执行查询错误：database is locked
2020/05/06 00:50:14 服务异常，错误：database is locked
2020/05/06 00:51:09 请求没有cookie，转到登录页，错误：<nil>
2020/05/06 10:46:12 请求没有cookie，转到登录页，错误：http: named cookie not present
2020/05/06 10:46:12 服务异常，错误：open ./views/login1.html: The system cannot find the file specified.
2020/05/06 10:46:24 请求没有cookie，转到登录页，错误：http: named cookie not present
2020/05/06 10:46:37 服务异常，错误：open ./views/login1.html: The system cannot find the file specified.
2020/05/06 10:46:50 请求没有cookie，转到登录页，错误：http: named cookie not present
2020/05/06 11:11:09 请求没有cookie，转到登录页，错误：http: named cookie not present
2020/05/06 11:43:05 请求没有cookie，转到登录页，错误：<nil>
2020/05/06 11:59:31 请求没有cookie，转到登录页，错误：<nil>
2020/05/06 12:04:39 请求没有cookie，转到登录页，错误：<nil>
2020/05/06 12:14:07 请求没有cookie，转到登录页，错误：<nil>
2020/05/06 12:14:58 请求没有cookie，转到登录页，错误：<nil>
2020/05/06 12:19:46 请求没有cookie，转到登录页，错误：<nil>
2020/05/06 12:20:06 请求信息不正确，请求：map[name:[九] pwd:[9]]
2020/05/06 12:22:32 请求没有cookie，转到登录页，错误：<nil>
2020/05/06 12:23:12 请求信息不正确，请求：map[name:[九] pwd:[9]]
2020/05/06 12:41:03 请求没有cookie，转到登录页，错误：<nil>
2020/05/06 12:41:43 执行查询错误：database is locked
2020/05/06 12:41:43 服务异常，错误：database is locked
2020/05/06 12:42:15 执行查询错误：database is locked
2020/05/06 12:42:15 服务异常，错误：database is locked
2020/05/06 12:43:48 执行查询错误：database is locked
2020/05/06 12:43:48 服务异常，错误：database is locked
2020/05/06 17:36:32 请求没有cookie，转到登录页，错误：<nil>
2020/05/06 17:38:23 请求没有cookie，转到登录页，错误：<nil>
2020/05/06 19:00:58 请求没有cookie，转到登录页，错误：<nil>
2020/05/06 19:06:39 请求没有cookie，转到登录页，错误：<nil>
2020/05/06 19:09:08 请求没有cookie，转到登录页，错误：<nil>
2020/05/06 19:15:18 请求没有cookie，转到登录页，错误：<nil>
2020/05/06 19:48:18 请求没有cookie，转到登录页，错误：<nil>
2020/05/06 19:50:56 请求没有cookie，转到登录页，错误：<nil>
2020/05/06 19:55:55 请求没有cookie，转到登录页，错误：<nil>
2020/05/06 20:49:17 请求没有cookie，转到登录页，错误：<nil>
2020/05/06 20:51:08 服务异常，错误：database is locked
2020/05/06 20:52:06 请求没有cookie，转到登录页，错误：<nil>
2020/05/06 20:55:11 请求没有cookie，转到登录页，错误：<nil>
2020/05/06 20:57:34 请求没有cookie，转到登录页，错误：<nil>
2020/05/06 20:58:17 服务异常，错误：database is locked
2020/05/06 20:59:58 请求没有cookie，转到登录页，错误：<nil>
2020/05/06 21:58:17 服务异常，错误：database is locked
2020/05/06 21:58:19 请求没有cookie，转到登录页，错误：<nil>
2020/05/06 21:58:35 请求没有cookie，转到登录页，错误：<nil>
2020/05/06 22:17:10 服务异常，错误：database is locked
2020/05/06 22:17:13 请求没有cookie，转到登录页，错误：<nil>
2020/05/06 22:21:29 请求没有cookie，转到登录页，错误：<nil>
2020/05/07 01:02:36 请求没有cookie，转到登录页，错误：<nil>
2020/05/07 01:03:35 请求没有cookie，转到登录页，错误：<nil>
2020/05/07 01:03:49 请求没有cookie，转到登录页，错误：<nil>
2020/05/07 13:04:46 请求没有cookie，转到登录页，错误：http: named cookie not present
2020/05/07 13:04:54 请求信息不正确，请求：map[name:[王大瓜] pwd:[kkzz]]
2020/05/07 13:18:59 请求没有cookie，转到登录页，错误：<nil>
2020/05/07 13:19:16 请求信息不正确，请求：map[name:[王二] pwd:[z]]
2020/05/07 13:20:19 请求没有cookie，转到登录页，错误：<nil>
2020/05/07 15:20:42 请求没有cookie，转到登录页，错误：redigo: unexpected type for String, got type []interface {}
2020/05/07 15:22:06 请求没有cookie，转到登录页，错误：redigo: unexpected type for String, got type []interface {}
2020/05/07 15:26:46 请求没有cookie，转到登录页，错误：<nil>
2020/05/07 15:27:01 请求没有cookie，转到登录页，错误：<nil>
2020/05/07 15:28:09 请求没有cookie，转到登录页，错误：redigo: nil returned
2020/05/07 15:29:08 请求没有cookie，转到登录页，错误：redigo: nil returned
2020/05/07 15:29:29 请求没有cookie，转到登录页，错误：<nil>
2020/05/07 15:30:39 请求没有cookie，转到登录页，错误：redigo: nil returned
2020/05/07 19:32:44 请求没有cookie，转到登录页，错误：redigo: nil returned
2020/05/07 19:35:54 请求没有cookie，转到登录页，错误：redigo: nil returned
2020/05/08 12:01:08 请求没有cookie，转到登录页，错误：http: named cookie not present
2020/05/08 12:01:08 请求没有cookie，转到登录页，错误：http: named cookie not present
2020/05/08 12:01:24 请求信息不正确，请求：map[name:[张三] pwd:[kkzz]]
2020/05/08 12:01:24 请求没有cookie，转到登录页，错误：http: named cookie not present
2020/05/08 12:01:35 请求没有cookie，转到登录页，错误：http: named cookie not present
2020/05/08 12:01:39 请求信息不正确，请求：map[name:[张三] pwd:[kkzz]]
2020/05/08 12:01:39 请求没有cookie，转到登录页，错误：http: named cookie not present
2020/05/08 12:01:41 请求没有cookie，转到登录页，错误：http: named cookie not present
2020/05/08 12:01:51 请求信息不正确，请求：map[name:[王二] pwd:[kkzz]]
2020/05/08 12:01:51 请求没有cookie，转到登录页，错误：http: named cookie not present
2020/05/08 12:02:07 请求没有cookie，转到登录页，错误：http: named cookie not present
2020/05/08 12:02:15 请求信息不正确，请求：map[name:[张三] pwd:[kkzz]]
2020/05/08 12:02:16 请求没有cookie，转到登录页，错误：http: named cookie not present
2020/05/08 12:02:51 请求没有cookie，转到登录页，错误：http: named cookie not present
2020/05/08 12:05:31 请求没有cookie，转到登录页，错误：http: named cookie not present
2020/05/08 12:05:36 请求没有cookie，转到登录页，错误：http: named cookie not present
2020/05/08 12:06:04 请求没有cookie，转到登录页，错误：redigo: nil returned
2020/05/08 12:08:54 请求没有cookie，转到登录页，错误：redigo: nil returned
2020/05/08 12:09:01 请求没有cookie，转到登录页，错误：redigo: nil returned
